<?xml version="1.0" encoding="UTF-8"?>
<testsuite name="PDFcipher.EncryptTest" tests="1" skipped="0" failures="0" errors="0" timestamp="2019-01-25T14:26:18" hostname="AlexandersMBP3.citywide.eastlink.ca" time="0.045">
  <properties/>
  <testcase name="testEncrpytMethod" classname="PDFcipher.EncryptTest" time="0.045"/>
  <system-out><![CDATA[]]></system-out>
  <system-err><![CDATA[]]></system-err>
</testsuite>
